[0m17:47:28.448079 [debug] [MainThread]: Sending event: {'category': 'dbt', 'action': 'invocation', 'label': 'start', 'context': [<snowplow_tracker.self_describing_json.SelfDescribingJson object at 0x1105627b0>, <snowplow_tracker.self_describing_json.SelfDescribingJson object at 0x1105a6f90>, <snowplow_tracker.self_describing_json.SelfDescribingJson object at 0x1105a6cc0>]}


============================== 17:47:28.450799 | 79709876-b43c-4242-99af-26d84e805db4 ==============================
[0m17:47:28.450799 [info ] [MainThread]: Running with dbt=1.7.3
[0m17:47:28.451132 [debug] [MainThread]: running dbt with arguments {'printer_width': '80', 'indirect_selection': 'eager', 'log_cache_events': 'False', 'write_json': 'True', 'partial_parse': 'True', 'cache_selected_only': 'False', 'warn_error': 'None', 'fail_fast': 'False', 'version_check': 'True', 'log_path': 'logs', 'debug': 'False', 'profiles_dir': '/Users/wissalhal/.dbt', 'use_colors': 'True', 'use_experimental_parser': 'False', 'no_print': 'None', 'quiet': 'False', 'warn_error_options': 'WarnErrorOptions(include=[], exclude=[])', 'introspect': 'True', 'static_parser': 'True', 'log_format': 'default', 'target_path': 'None', 'invocation_command': 'dbt init', 'send_anonymous_usage_stats': 'True'}
[0m17:48:27.596194 [debug] [MainThread]: Starter project path: /Library/Frameworks/Python.framework/Versions/3.12/lib/python3.12/site-packages/dbt/include/starter_project
[0m17:48:27.604650 [info ] [MainThread]: 
Your new dbt project "cosmosproject" was created!

For more information on how to configure the profiles.yml file,
please consult the dbt documentation here:

  https://docs.getdbt.com/docs/configure-your-profile

One more thing:

Need help? Don't hesitate to reach out to us via GitHub issues or on Slack:

  https://community.getdbt.com/

Happy modeling!

[0m17:48:27.605126 [info ] [MainThread]: Setting up your profile.
[0m17:51:05.414970 [debug] [MainThread]: Resource report: {"command_name": "init", "command_success": true, "command_wall_clock_time": 217.01485, "process_user_time": 0.913426, "process_kernel_time": 0.125515, "process_mem_max_rss": "97304576", "process_in_blocks": "0", "process_out_blocks": "0"}
[0m17:51:05.416813 [debug] [MainThread]: Command `dbt init` succeeded at 17:51:05.416560 after 217.02 seconds
[0m17:51:05.417632 [debug] [MainThread]: Sending event: {'category': 'dbt', 'action': 'invocation', 'label': 'end', 'context': [<snowplow_tracker.self_describing_json.SelfDescribingJson object at 0x1103fdfd0>, <snowplow_tracker.self_describing_json.SelfDescribingJson object at 0x1071ba300>, <snowplow_tracker.self_describing_json.SelfDescribingJson object at 0x11053dd00>]}
[0m17:51:05.418306 [debug] [MainThread]: Flushing usage events
[0m17:52:02.870290 [debug] [MainThread]: Sending event: {'category': 'dbt', 'action': 'invocation', 'label': 'start', 'context': [<snowplow_tracker.self_describing_json.SelfDescribingJson object at 0x106ec2600>, <snowplow_tracker.self_describing_json.SelfDescribingJson object at 0x106f06f60>, <snowplow_tracker.self_describing_json.SelfDescribingJson object at 0x106f06c00>]}


============================== 17:52:02.873090 | 6ea8cc5a-eaf4-458b-ae5a-5077bafbced5 ==============================
[0m17:52:02.873090 [info ] [MainThread]: Running with dbt=1.7.3
[0m17:52:02.873443 [debug] [MainThread]: running dbt with arguments {'printer_width': '80', 'indirect_selection': 'eager', 'write_json': 'True', 'log_cache_events': 'False', 'partial_parse': 'True', 'cache_selected_only': 'False', 'warn_error': 'None', 'debug': 'False', 'fail_fast': 'False', 'log_path': 'logs', 'version_check': 'True', 'profiles_dir': '/Users/wissalhal/.dbt', 'use_colors': 'True', 'use_experimental_parser': 'False', 'no_print': 'None', 'quiet': 'False', 'log_format': 'default', 'invocation_command': 'dbt init', 'introspect': 'True', 'warn_error_options': 'WarnErrorOptions(include=[], exclude=[])', 'target_path': 'None', 'static_parser': 'True', 'send_anonymous_usage_stats': 'True'}
[0m17:52:24.846963 [info ] [MainThread]: A project called cosmosproject already exists here.
[0m17:52:24.850373 [debug] [MainThread]: Resource report: {"command_name": "init", "command_success": true, "command_wall_clock_time": 22.018162, "process_user_time": 0.917482, "process_kernel_time": 0.107412, "process_mem_max_rss": "98172928", "process_in_blocks": "0", "process_out_blocks": "0"}
[0m17:52:24.851151 [debug] [MainThread]: Command `dbt init` succeeded at 17:52:24.850985 after 22.02 seconds
[0m17:52:24.851584 [debug] [MainThread]: Sending event: {'category': 'dbt', 'action': 'invocation', 'label': 'end', 'context': [<snowplow_tracker.self_describing_json.SelfDescribingJson object at 0x1068be270>, <snowplow_tracker.self_describing_json.SelfDescribingJson object at 0x106069640>, <snowplow_tracker.self_describing_json.SelfDescribingJson object at 0x1060c2600>]}
[0m17:52:24.852018 [debug] [MainThread]: Flushing usage events
